[32minfo[39m: querying database 737eabd7fcc34900ba4e408bd43570ce with this {"filter":{"and":[{"property":"End Time","date":{"is_empty":true}}]}} {"timestamp":"2024-06-20T03:00:00.664Z"}
[32minfo[39m: querying database 737eabd7fcc34900ba4e408bd43570ce with this {"filter":{"and":[{"property":"End Time","date":{"is_empty":true}}]}} {"timestamp":"2024-06-20T03:00:00.675Z"}
[32minfo[39m: sucessfully queried database - length - 0 - has_more - false - cursor - null {"timestamp":"2024-06-20T03:00:01.351Z"}
[32minfo[39m: Current Location: Home {"timestamp":"2024-06-20T03:00:01.352Z"}
[32minfo[39m: querying database 3206c6d48bb04c2e803c211ca426668d with this {"filter":{"and":[{"property":"Start Date","date":{"on_or_before":"2024-06-20"}},{"property":"Location","multi_select":{"contains":"Home"}}]}} {"timestamp":"2024-06-20T03:00:01.354Z"}
[32minfo[39m: sucessfully queried database - length - 0 - has_more - false - cursor - null {"timestamp":"2024-06-20T03:00:02.782Z"}
[32minfo[39m: Current Location: Home {"timestamp":"2024-06-20T03:00:02.782Z"}
[32minfo[39m: querying database 3206c6d48bb04c2e803c211ca426668d with this {"filter":{"and":[{"property":"Start Date","date":{"on_or_before":"2024-06-20"}},{"property":"Location","multi_select":{"contains":"Home"}}]}} {"timestamp":"2024-06-20T03:00:02.783Z"}
[32minfo[39m: sucessfully queried database - length - 100 - has_more - true - cursor - 50f9e8c3-6628-4114-98aa-89d5507f67ed {"timestamp":"2024-06-20T03:00:03.068Z"}
[32minfo[39m: sucessfully modified results - length - 100 - has_more - true {"timestamp":"2024-06-20T03:00:03.070Z"}
[32minfo[39m: querying database 3206c6d48bb04c2e803c211ca426668d with this {"filter":{"and":[{"property":"Start Date","date":{"on_or_before":"2024-06-20"}},{"property":"Location","multi_select":{"contains":"Home"}}]},"start_cursor":"50f9e8c3-6628-4114-98aa-89d5507f67ed"} {"timestamp":"2024-06-20T03:00:03.070Z"}
[32minfo[39m: sucessfully queried database - length - 2 - has_more - false - cursor - null {"timestamp":"2024-06-20T03:00:03.499Z"}
[32minfo[39m: sucessfully modified results - length - 102 - has_more - false {"timestamp":"2024-06-20T03:00:03.499Z"}
[32minfo[39m: Current Scheduler details length - 102} {"timestamp":"2024-06-20T03:00:03.500Z"}
[32minfo[39m: sucessfully queried database - length - 100 - has_more - true - cursor - 50f9e8c3-6628-4114-98aa-89d5507f67ed {"timestamp":"2024-06-20T03:00:04.884Z"}
[32minfo[39m: sucessfully modified results - length - 100 - has_more - true {"timestamp":"2024-06-20T03:00:04.885Z"}
[32minfo[39m: querying database 3206c6d48bb04c2e803c211ca426668d with this {"filter":{"and":[{"property":"Start Date","date":{"on_or_before":"2024-06-20"}},{"property":"Location","multi_select":{"contains":"Home"}}]},"start_cursor":"50f9e8c3-6628-4114-98aa-89d5507f67ed"} {"timestamp":"2024-06-20T03:00:04.885Z"}
[32minfo[39m: sucessfully queried database - length - 2 - has_more - false - cursor - null {"timestamp":"2024-06-20T03:00:05.343Z"}
[32minfo[39m: sucessfully modified results - length - 102 - has_more - false {"timestamp":"2024-06-20T03:00:05.343Z"}
[32minfo[39m: Current Scheduler details length - 102} {"timestamp":"2024-06-20T03:00:05.343Z"}
[32minfo[39m: querying database 737eabd7fcc34900ba4e408bd43570ce with this {"filter":{"and":[{"property":"End Time","date":{"is_empty":true}}]}} {"timestamp":"2024-06-20T03:30:00.282Z"}
[32minfo[39m: querying database 737eabd7fcc34900ba4e408bd43570ce with this {"filter":{"and":[{"property":"End Time","date":{"is_empty":true}}]}} {"timestamp":"2024-06-20T03:30:00.285Z"}
[32minfo[39m: sucessfully queried database - length - 0 - has_more - false - cursor - null {"timestamp":"2024-06-20T03:30:00.621Z"}
[32minfo[39m: Current Location: Home {"timestamp":"2024-06-20T03:30:00.622Z"}
[32minfo[39m: querying database 3206c6d48bb04c2e803c211ca426668d with this {"filter":{"and":[{"property":"Start Date","date":{"on_or_before":"2024-06-20"}},{"property":"Location","multi_select":{"contains":"Home"}}]}} {"timestamp":"2024-06-20T03:30:00.622Z"}
[32minfo[39m: sucessfully queried database - length - 0 - has_more - false - cursor - null {"timestamp":"2024-06-20T03:30:00.629Z"}
[32minfo[39m: Current Location: Home {"timestamp":"2024-06-20T03:30:00.629Z"}
[32minfo[39m: querying database 3206c6d48bb04c2e803c211ca426668d with this {"filter":{"and":[{"property":"Start Date","date":{"on_or_before":"2024-06-20"}},{"property":"Location","multi_select":{"contains":"Home"}}]}} {"timestamp":"2024-06-20T03:30:00.629Z"}
[32minfo[39m: sucessfully queried database - length - 100 - has_more - true - cursor - 50f9e8c3-6628-4114-98aa-89d5507f67ed {"timestamp":"2024-06-20T03:30:02.247Z"}
[32minfo[39m: sucessfully modified results - length - 100 - has_more - true {"timestamp":"2024-06-20T03:30:02.250Z"}
[32minfo[39m: querying database 3206c6d48bb04c2e803c211ca426668d with this {"filter":{"and":[{"property":"Start Date","date":{"on_or_before":"2024-06-20"}},{"property":"Location","multi_select":{"contains":"Home"}}]},"start_cursor":"50f9e8c3-6628-4114-98aa-89d5507f67ed"} {"timestamp":"2024-06-20T03:30:02.250Z"}
[32minfo[39m: sucessfully queried database - length - 2 - has_more - false - cursor - null {"timestamp":"2024-06-20T03:30:02.754Z"}
[32minfo[39m: sucessfully modified results - length - 102 - has_more - false {"timestamp":"2024-06-20T03:30:02.754Z"}
[32minfo[39m: Current Scheduler details length - 102} {"timestamp":"2024-06-20T03:30:02.754Z"}
[32minfo[39m: sucessfully queried database - length - 100 - has_more - true - cursor - 50f9e8c3-6628-4114-98aa-89d5507f67ed {"timestamp":"2024-06-20T03:30:03.225Z"}
[32minfo[39m: sucessfully modified results - length - 100 - has_more - true {"timestamp":"2024-06-20T03:30:03.227Z"}
[32minfo[39m: querying database 3206c6d48bb04c2e803c211ca426668d with this {"filter":{"and":[{"property":"Start Date","date":{"on_or_before":"2024-06-20"}},{"property":"Location","multi_select":{"contains":"Home"}}]},"start_cursor":"50f9e8c3-6628-4114-98aa-89d5507f67ed"} {"timestamp":"2024-06-20T03:30:03.227Z"}
[32minfo[39m: sucessfully queried database - length - 2 - has_more - false - cursor - null {"timestamp":"2024-06-20T03:30:03.717Z"}
[32minfo[39m: sucessfully modified results - length - 102 - has_more - false {"timestamp":"2024-06-20T03:30:03.717Z"}
[32minfo[39m: Current Scheduler details length - 102} {"timestamp":"2024-06-20T03:30:03.717Z"}
[32minfo[39m: querying database 737eabd7fcc34900ba4e408bd43570ce with this {"filter":{"and":[{"property":"End Time","date":{"is_empty":true}}]}} {"timestamp":"2024-06-20T04:00:00.867Z"}
[32minfo[39m: querying database 737eabd7fcc34900ba4e408bd43570ce with this {"filter":{"and":[{"property":"End Time","date":{"is_empty":true}}]}} {"timestamp":"2024-06-20T04:00:00.869Z"}
[32minfo[39m: sucessfully queried database - length - 0 - has_more - false - cursor - null {"timestamp":"2024-06-20T04:00:02.182Z"}
[32minfo[39m: Current Location: Home {"timestamp":"2024-06-20T04:00:02.182Z"}
[32minfo[39m: querying database 3206c6d48bb04c2e803c211ca426668d with this {"filter":{"and":[{"property":"Start Date","date":{"on_or_before":"2024-06-20"}},{"property":"Location","multi_select":{"contains":"Home"}}]}} {"timestamp":"2024-06-20T04:00:02.183Z"}
[32minfo[39m: sucessfully queried database - length - 0 - has_more - false - cursor - null {"timestamp":"2024-06-20T04:00:02.702Z"}
[32minfo[39m: Current Location: Home {"timestamp":"2024-06-20T04:00:02.702Z"}
[32minfo[39m: querying database 3206c6d48bb04c2e803c211ca426668d with this {"filter":{"and":[{"property":"Start Date","date":{"on_or_before":"2024-06-20"}},{"property":"Location","multi_select":{"contains":"Home"}}]}} {"timestamp":"2024-06-20T04:00:02.702Z"}
[32minfo[39m: sucessfully queried database - length - 100 - has_more - true - cursor - 50f9e8c3-6628-4114-98aa-89d5507f67ed {"timestamp":"2024-06-20T04:00:04.938Z"}
[32minfo[39m: sucessfully modified results - length - 100 - has_more - true {"timestamp":"2024-06-20T04:00:04.945Z"}
[32minfo[39m: querying database 3206c6d48bb04c2e803c211ca426668d with this {"filter":{"and":[{"property":"Start Date","date":{"on_or_before":"2024-06-20"}},{"property":"Location","multi_select":{"contains":"Home"}}]},"start_cursor":"50f9e8c3-6628-4114-98aa-89d5507f67ed"} {"timestamp":"2024-06-20T04:00:04.945Z"}
[32minfo[39m: sucessfully queried database - length - 2 - has_more - false - cursor - null {"timestamp":"2024-06-20T04:00:05.325Z"}
[32minfo[39m: sucessfully modified results - length - 102 - has_more - false {"timestamp":"2024-06-20T04:00:05.325Z"}
[32minfo[39m: Current Scheduler details length - 102} {"timestamp":"2024-06-20T04:00:05.325Z"}
[32minfo[39m: sucessfully queried database - length - 100 - has_more - true - cursor - 50f9e8c3-6628-4114-98aa-89d5507f67ed {"timestamp":"2024-06-20T04:00:06.525Z"}
[32minfo[39m: sucessfully modified results - length - 100 - has_more - true {"timestamp":"2024-06-20T04:00:06.526Z"}
[32minfo[39m: querying database 3206c6d48bb04c2e803c211ca426668d with this {"filter":{"and":[{"property":"Start Date","date":{"on_or_before":"2024-06-20"}},{"property":"Location","multi_select":{"contains":"Home"}}]},"start_cursor":"50f9e8c3-6628-4114-98aa-89d5507f67ed"} {"timestamp":"2024-06-20T04:00:06.526Z"}
[32minfo[39m: sucessfully queried database - length - 2 - has_more - false - cursor - null {"timestamp":"2024-06-20T04:00:08.227Z"}
[32minfo[39m: sucessfully modified results - length - 102 - has_more - false {"timestamp":"2024-06-20T04:00:08.227Z"}
[32minfo[39m: Current Scheduler details length - 102} {"timestamp":"2024-06-20T04:00:08.227Z"}
[32minfo[39m: querying database 737eabd7fcc34900ba4e408bd43570ce with this {"filter":{"and":[{"property":"End Time","date":{"is_empty":true}}]}} {"timestamp":"2024-06-20T04:30:00.481Z"}
[32minfo[39m: querying database 737eabd7fcc34900ba4e408bd43570ce with this {"filter":{"and":[{"property":"End Time","date":{"is_empty":true}}]}} {"timestamp":"2024-06-20T04:30:00.483Z"}
[32minfo[39m: sucessfully queried database - length - 0 - has_more - false - cursor - null {"timestamp":"2024-06-20T04:30:01.216Z"}
[32minfo[39m: Current Location: Home {"timestamp":"2024-06-20T04:30:01.216Z"}
[32minfo[39m: querying database 3206c6d48bb04c2e803c211ca426668d with this {"filter":{"and":[{"property":"Start Date","date":{"on_or_before":"2024-06-20"}},{"property":"Location","multi_select":{"contains":"Home"}}]}} {"timestamp":"2024-06-20T04:30:01.216Z"}
[32minfo[39m: sucessfully queried database - length - 0 - has_more - false - cursor - null {"timestamp":"2024-06-20T04:30:01.216Z"}
[32minfo[39m: Current Location: Home {"timestamp":"2024-06-20T04:30:01.217Z"}
[32minfo[39m: querying database 3206c6d48bb04c2e803c211ca426668d with this {"filter":{"and":[{"property":"Start Date","date":{"on_or_before":"2024-06-20"}},{"property":"Location","multi_select":{"contains":"Home"}}]}} {"timestamp":"2024-06-20T04:30:01.217Z"}
[32minfo[39m: sucessfully queried database - length - 100 - has_more - true - cursor - 50f9e8c3-6628-4114-98aa-89d5507f67ed {"timestamp":"2024-06-20T04:30:03.253Z"}
[32minfo[39m: sucessfully modified results - length - 100 - has_more - true {"timestamp":"2024-06-20T04:30:03.253Z"}
[32minfo[39m: querying database 3206c6d48bb04c2e803c211ca426668d with this {"filter":{"and":[{"property":"Start Date","date":{"on_or_before":"2024-06-20"}},{"property":"Location","multi_select":{"contains":"Home"}}]},"start_cursor":"50f9e8c3-6628-4114-98aa-89d5507f67ed"} {"timestamp":"2024-06-20T04:30:03.253Z"}
[32minfo[39m: sucessfully queried database - length - 2 - has_more - false - cursor - null {"timestamp":"2024-06-20T04:30:03.676Z"}
[32minfo[39m: sucessfully modified results - length - 102 - has_more - false {"timestamp":"2024-06-20T04:30:03.676Z"}
[32minfo[39m: Current Scheduler details length - 102} {"timestamp":"2024-06-20T04:30:03.676Z"}
[32minfo[39m: sucessfully queried database - length - 100 - has_more - true - cursor - 50f9e8c3-6628-4114-98aa-89d5507f67ed {"timestamp":"2024-06-20T04:30:05.951Z"}
[32minfo[39m: sucessfully modified results - length - 100 - has_more - true {"timestamp":"2024-06-20T04:30:05.952Z"}
[32minfo[39m: querying database 3206c6d48bb04c2e803c211ca426668d with this {"filter":{"and":[{"property":"Start Date","date":{"on_or_before":"2024-06-20"}},{"property":"Location","multi_select":{"contains":"Home"}}]},"start_cursor":"50f9e8c3-6628-4114-98aa-89d5507f67ed"} {"timestamp":"2024-06-20T04:30:05.952Z"}
[32minfo[39m: sucessfully queried database - length - 2 - has_more - false - cursor - null {"timestamp":"2024-06-20T04:30:06.321Z"}
[32minfo[39m: sucessfully modified results - length - 102 - has_more - false {"timestamp":"2024-06-20T04:30:06.321Z"}
[32minfo[39m: Current Scheduler details length - 102} {"timestamp":"2024-06-20T04:30:06.321Z"}
[32minfo[39m: querying database 737eabd7fcc34900ba4e408bd43570ce with this {"filter":{"and":[{"property":"End Time","date":{"is_empty":true}}]}} {"timestamp":"2024-06-20T05:00:00.060Z"}
[32minfo[39m: querying database 737eabd7fcc34900ba4e408bd43570ce with this {"filter":{"and":[{"property":"End Time","date":{"is_empty":true}}]}} {"timestamp":"2024-06-20T05:00:00.063Z"}
[32minfo[39m: sucessfully queried database - length - 0 - has_more - false - cursor - null {"timestamp":"2024-06-20T05:00:00.553Z"}
[32minfo[39m: Current Location: Home {"timestamp":"2024-06-20T05:00:00.553Z"}
[32minfo[39m: querying database 3206c6d48bb04c2e803c211ca426668d with this {"filter":{"and":[{"property":"Start Date","date":{"on_or_before":"2024-06-20"}},{"property":"Location","multi_select":{"contains":"Home"}}]}} {"timestamp":"2024-06-20T05:00:00.553Z"}
[32minfo[39m: sucessfully queried database - length - 0 - has_more - false - cursor - null {"timestamp":"2024-06-20T05:00:01.943Z"}
[32minfo[39m: Current Location: Home {"timestamp":"2024-06-20T05:00:01.943Z"}
[32minfo[39m: querying database 3206c6d48bb04c2e803c211ca426668d with this {"filter":{"and":[{"property":"Start Date","date":{"on_or_before":"2024-06-20"}},{"property":"Location","multi_select":{"contains":"Home"}}]}} {"timestamp":"2024-06-20T05:00:01.944Z"}
[32minfo[39m: sucessfully queried database - length - 100 - has_more - true - cursor - 50f9e8c3-6628-4114-98aa-89d5507f67ed {"timestamp":"2024-06-20T05:00:04.374Z"}
[32minfo[39m: sucessfully modified results - length - 100 - has_more - true {"timestamp":"2024-06-20T05:00:04.375Z"}
[32minfo[39m: querying database 3206c6d48bb04c2e803c211ca426668d with this {"filter":{"and":[{"property":"Start Date","date":{"on_or_before":"2024-06-20"}},{"property":"Location","multi_select":{"contains":"Home"}}]},"start_cursor":"50f9e8c3-6628-4114-98aa-89d5507f67ed"} {"timestamp":"2024-06-20T05:00:04.375Z"}
[32minfo[39m: sucessfully queried database - length - 100 - has_more - true - cursor - 50f9e8c3-6628-4114-98aa-89d5507f67ed {"timestamp":"2024-06-20T05:00:04.420Z"}
[32minfo[39m: sucessfully modified results - length - 100 - has_more - true {"timestamp":"2024-06-20T05:00:04.427Z"}
[32minfo[39m: querying database 3206c6d48bb04c2e803c211ca426668d with this {"filter":{"and":[{"property":"Start Date","date":{"on_or_before":"2024-06-20"}},{"property":"Location","multi_select":{"contains":"Home"}}]},"start_cursor":"50f9e8c3-6628-4114-98aa-89d5507f67ed"} {"timestamp":"2024-06-20T05:00:04.427Z"}
[32minfo[39m: sucessfully queried database - length - 2 - has_more - false - cursor - null {"timestamp":"2024-06-20T05:00:04.884Z"}
[32minfo[39m: sucessfully modified results - length - 102 - has_more - false {"timestamp":"2024-06-20T05:00:04.884Z"}
[32minfo[39m: Current Scheduler details length - 102} {"timestamp":"2024-06-20T05:00:04.884Z"}
[32minfo[39m: sucessfully queried database - length - 2 - has_more - false - cursor - null {"timestamp":"2024-06-20T05:00:05.996Z"}
[32minfo[39m: sucessfully modified results - length - 102 - has_more - false {"timestamp":"2024-06-20T05:00:05.996Z"}
[32minfo[39m: Current Scheduler details length - 102} {"timestamp":"2024-06-20T05:00:05.996Z"}
[32minfo[39m: querying database 737eabd7fcc34900ba4e408bd43570ce with this {"filter":{"and":[{"property":"End Time","date":{"is_empty":true}}]}} {"timestamp":"2024-06-20T05:30:00.686Z"}
[32minfo[39m: querying database 737eabd7fcc34900ba4e408bd43570ce with this {"filter":{"and":[{"property":"End Time","date":{"is_empty":true}}]}} {"timestamp":"2024-06-20T05:30:00.689Z"}
[32minfo[39m: sucessfully queried database - length - 0 - has_more - false - cursor - null {"timestamp":"2024-06-20T05:30:01.369Z"}
[32minfo[39m: Current Location: Home {"timestamp":"2024-06-20T05:30:01.369Z"}
[32minfo[39m: querying database 3206c6d48bb04c2e803c211ca426668d with this {"filter":{"and":[{"property":"Start Date","date":{"on_or_before":"2024-06-20"}},{"property":"Location","multi_select":{"contains":"Home"}}]}} {"timestamp":"2024-06-20T05:30:01.370Z"}
[32minfo[39m: sucessfully queried database - length - 0 - has_more - false - cursor - null {"timestamp":"2024-06-20T05:30:01.895Z"}
[32minfo[39m: Current Location: Home {"timestamp":"2024-06-20T05:30:01.895Z"}
[32minfo[39m: querying database 3206c6d48bb04c2e803c211ca426668d with this {"filter":{"and":[{"property":"Start Date","date":{"on_or_before":"2024-06-20"}},{"property":"Location","multi_select":{"contains":"Home"}}]}} {"timestamp":"2024-06-20T05:30:01.895Z"}
[32minfo[39m: sucessfully queried database - length - 100 - has_more - true - cursor - 50f9e8c3-6628-4114-98aa-89d5507f67ed {"timestamp":"2024-06-20T05:30:03.567Z"}
[32minfo[39m: sucessfully modified results - length - 100 - has_more - true {"timestamp":"2024-06-20T05:30:03.568Z"}
[32minfo[39m: querying database 3206c6d48bb04c2e803c211ca426668d with this {"filter":{"and":[{"property":"Start Date","date":{"on_or_before":"2024-06-20"}},{"property":"Location","multi_select":{"contains":"Home"}}]},"start_cursor":"50f9e8c3-6628-4114-98aa-89d5507f67ed"} {"timestamp":"2024-06-20T05:30:03.569Z"}
[32minfo[39m: sucessfully queried database - length - 100 - has_more - true - cursor - 50f9e8c3-6628-4114-98aa-89d5507f67ed {"timestamp":"2024-06-20T05:30:03.828Z"}
[32minfo[39m: sucessfully modified results - length - 100 - has_more - true {"timestamp":"2024-06-20T05:30:03.829Z"}
[32minfo[39m: querying database 3206c6d48bb04c2e803c211ca426668d with this {"filter":{"and":[{"property":"Start Date","date":{"on_or_before":"2024-06-20"}},{"property":"Location","multi_select":{"contains":"Home"}}]},"start_cursor":"50f9e8c3-6628-4114-98aa-89d5507f67ed"} {"timestamp":"2024-06-20T05:30:03.829Z"}
[32minfo[39m: sucessfully queried database - length - 2 - has_more - false - cursor - null {"timestamp":"2024-06-20T05:30:04.203Z"}
[32minfo[39m: sucessfully modified results - length - 102 - has_more - false {"timestamp":"2024-06-20T05:30:04.204Z"}
[32minfo[39m: Current Scheduler details length - 102} {"timestamp":"2024-06-20T05:30:04.204Z"}
[32minfo[39m: sucessfully queried database - length - 2 - has_more - false - cursor - null {"timestamp":"2024-06-20T05:30:04.295Z"}
[32minfo[39m: sucessfully modified results - length - 102 - has_more - false {"timestamp":"2024-06-20T05:30:04.295Z"}
[32minfo[39m: Current Scheduler details length - 102} {"timestamp":"2024-06-20T05:30:04.295Z"}
[32minfo[39m: querying database 737eabd7fcc34900ba4e408bd43570ce with this {"filter":{"and":[{"property":"End Time","date":{"is_empty":true}}]}} {"timestamp":"2024-06-20T06:00:00.262Z"}
[32minfo[39m: querying database 737eabd7fcc34900ba4e408bd43570ce with this {"filter":{"and":[{"property":"End Time","date":{"is_empty":true}}]}} {"timestamp":"2024-06-20T06:00:00.266Z"}
[32minfo[39m: sucessfully queried database - length - 0 - has_more - false - cursor - null {"timestamp":"2024-06-20T06:00:00.854Z"}
[32minfo[39m: Current Location: Home {"timestamp":"2024-06-20T06:00:00.854Z"}
[32minfo[39m: querying database 3206c6d48bb04c2e803c211ca426668d with this {"filter":{"and":[{"property":"Start Date","date":{"on_or_before":"2024-06-20"}},{"property":"Location","multi_select":{"contains":"Home"}}]}} {"timestamp":"2024-06-20T06:00:00.854Z"}
[32minfo[39m: sucessfully queried database - length - 0 - has_more - false - cursor - null {"timestamp":"2024-06-20T06:00:01.346Z"}
[32minfo[39m: Current Location: Home {"timestamp":"2024-06-20T06:00:01.347Z"}
[32minfo[39m: querying database 3206c6d48bb04c2e803c211ca426668d with this {"filter":{"and":[{"property":"Start Date","date":{"on_or_before":"2024-06-20"}},{"property":"Location","multi_select":{"contains":"Home"}}]}} {"timestamp":"2024-06-20T06:00:01.347Z"}
[32minfo[39m: sucessfully queried database - length - 100 - has_more - true - cursor - 50f9e8c3-6628-4114-98aa-89d5507f67ed {"timestamp":"2024-06-20T06:00:03.300Z"}
[32minfo[39m: sucessfully modified results - length - 100 - has_more - true {"timestamp":"2024-06-20T06:00:03.302Z"}
[32minfo[39m: querying database 3206c6d48bb04c2e803c211ca426668d with this {"filter":{"and":[{"property":"Start Date","date":{"on_or_before":"2024-06-20"}},{"property":"Location","multi_select":{"contains":"Home"}}]},"start_cursor":"50f9e8c3-6628-4114-98aa-89d5507f67ed"} {"timestamp":"2024-06-20T06:00:03.302Z"}
[32minfo[39m: sucessfully queried database - length - 2 - has_more - false - cursor - null {"timestamp":"2024-06-20T06:00:05.679Z"}
[32minfo[39m: sucessfully modified results - length - 102 - has_more - false {"timestamp":"2024-06-20T06:00:05.679Z"}
[32minfo[39m: Current Scheduler details length - 102} {"timestamp":"2024-06-20T06:00:05.679Z"}
[32minfo[39m: sucessfully queried database - length - 100 - has_more - true - cursor - 50f9e8c3-6628-4114-98aa-89d5507f67ed {"timestamp":"2024-06-20T06:00:05.881Z"}
[32minfo[39m: sucessfully modified results - length - 100 - has_more - true {"timestamp":"2024-06-20T06:00:05.884Z"}
[32minfo[39m: querying database 3206c6d48bb04c2e803c211ca426668d with this {"filter":{"and":[{"property":"Start Date","date":{"on_or_before":"2024-06-20"}},{"property":"Location","multi_select":{"contains":"Home"}}]},"start_cursor":"50f9e8c3-6628-4114-98aa-89d5507f67ed"} {"timestamp":"2024-06-20T06:00:05.884Z"}
[32minfo[39m: sucessfully queried database - length - 2 - has_more - false - cursor - null {"timestamp":"2024-06-20T06:00:06.382Z"}
[32minfo[39m: sucessfully modified results - length - 102 - has_more - false {"timestamp":"2024-06-20T06:00:06.382Z"}
[32minfo[39m: Current Scheduler details length - 102} {"timestamp":"2024-06-20T06:00:06.382Z"}
[32minfo[39m: querying database 737eabd7fcc34900ba4e408bd43570ce with this {"filter":{"and":[{"property":"End Time","date":{"is_empty":true}}]}} {"timestamp":"2024-06-20T06:30:00.896Z"}
[32minfo[39m: querying database 737eabd7fcc34900ba4e408bd43570ce with this {"filter":{"and":[{"property":"End Time","date":{"is_empty":true}}]}} {"timestamp":"2024-06-20T06:30:00.898Z"}
[32minfo[39m: sucessfully queried database - length - 0 - has_more - false - cursor - null {"timestamp":"2024-06-20T06:30:01.603Z"}
[32minfo[39m: Current Location: Home {"timestamp":"2024-06-20T06:30:01.603Z"}
[32minfo[39m: querying database 3206c6d48bb04c2e803c211ca426668d with this {"filter":{"and":[{"property":"Start Date","date":{"on_or_before":"2024-06-20"}},{"property":"Location","multi_select":{"contains":"Home"}}]}} {"timestamp":"2024-06-20T06:30:01.603Z"}
[32minfo[39m: sucessfully queried database - length - 0 - has_more - false - cursor - null {"timestamp":"2024-06-20T06:30:02.263Z"}
[32minfo[39m: Current Location: Home {"timestamp":"2024-06-20T06:30:02.263Z"}
[32minfo[39m: querying database 3206c6d48bb04c2e803c211ca426668d with this {"filter":{"and":[{"property":"Start Date","date":{"on_or_before":"2024-06-20"}},{"property":"Location","multi_select":{"contains":"Home"}}]}} {"timestamp":"2024-06-20T06:30:02.263Z"}
[32minfo[39m: sucessfully queried database - length - 100 - has_more - true - cursor - 50f9e8c3-6628-4114-98aa-89d5507f67ed {"timestamp":"2024-06-20T06:30:03.525Z"}
[32minfo[39m: sucessfully modified results - length - 100 - has_more - true {"timestamp":"2024-06-20T06:30:03.526Z"}
[32minfo[39m: querying database 3206c6d48bb04c2e803c211ca426668d with this {"filter":{"and":[{"property":"Start Date","date":{"on_or_before":"2024-06-20"}},{"property":"Location","multi_select":{"contains":"Home"}}]},"start_cursor":"50f9e8c3-6628-4114-98aa-89d5507f67ed"} {"timestamp":"2024-06-20T06:30:03.527Z"}
[32minfo[39m: sucessfully queried database - length - 2 - has_more - false - cursor - null {"timestamp":"2024-06-20T06:30:03.901Z"}
[32minfo[39m: sucessfully modified results - length - 102 - has_more - false {"timestamp":"2024-06-20T06:30:03.901Z"}
[32minfo[39m: Current Scheduler details length - 102} {"timestamp":"2024-06-20T06:30:03.901Z"}
[32minfo[39m: sucessfully queried database - length - 100 - has_more - true - cursor - 50f9e8c3-6628-4114-98aa-89d5507f67ed {"timestamp":"2024-06-20T06:30:06.478Z"}
[32minfo[39m: sucessfully modified results - length - 100 - has_more - true {"timestamp":"2024-06-20T06:30:06.479Z"}
[32minfo[39m: querying database 3206c6d48bb04c2e803c211ca426668d with this {"filter":{"and":[{"property":"Start Date","date":{"on_or_before":"2024-06-20"}},{"property":"Location","multi_select":{"contains":"Home"}}]},"start_cursor":"50f9e8c3-6628-4114-98aa-89d5507f67ed"} {"timestamp":"2024-06-20T06:30:06.480Z"}
[32minfo[39m: sucessfully queried database - length - 2 - has_more - false - cursor - null {"timestamp":"2024-06-20T06:30:06.982Z"}
[32minfo[39m: sucessfully modified results - length - 102 - has_more - false {"timestamp":"2024-06-20T06:30:06.982Z"}
[32minfo[39m: Current Scheduler details length - 102} {"timestamp":"2024-06-20T06:30:06.982Z"}
[32minfo[39m: querying database 737eabd7fcc34900ba4e408bd43570ce with this {"filter":{"and":[{"property":"End Time","date":{"is_empty":true}}]}} {"timestamp":"2024-06-20T07:00:00.469Z"}
[32minfo[39m: querying database 737eabd7fcc34900ba4e408bd43570ce with this {"filter":{"and":[{"property":"End Time","date":{"is_empty":true}}]}} {"timestamp":"2024-06-20T07:00:00.471Z"}
[32minfo[39m: sucessfully queried database - length - 0 - has_more - false - cursor - null {"timestamp":"2024-06-20T07:00:01.315Z"}
[32minfo[39m: Current Location: Home {"timestamp":"2024-06-20T07:00:01.315Z"}
[32minfo[39m: querying database 3206c6d48bb04c2e803c211ca426668d with this {"filter":{"and":[{"property":"Start Date","date":{"on_or_before":"2024-06-20"}},{"property":"Location","multi_select":{"contains":"Home"}}]}} {"timestamp":"2024-06-20T07:00:01.316Z"}
[32minfo[39m: sucessfully queried database - length - 100 - has_more - true - cursor - 50f9e8c3-6628-4114-98aa-89d5507f67ed {"timestamp":"2024-06-20T07:00:03.938Z"}
[32minfo[39m: sucessfully modified results - length - 100 - has_more - true {"timestamp":"2024-06-20T07:00:03.939Z"}
[32minfo[39m: querying database 3206c6d48bb04c2e803c211ca426668d with this {"filter":{"and":[{"property":"Start Date","date":{"on_or_before":"2024-06-20"}},{"property":"Location","multi_select":{"contains":"Home"}}]},"start_cursor":"50f9e8c3-6628-4114-98aa-89d5507f67ed"} {"timestamp":"2024-06-20T07:00:03.939Z"}
[32minfo[39m: sucessfully queried database - length - 2 - has_more - false - cursor - null {"timestamp":"2024-06-20T07:00:04.905Z"}
[32minfo[39m: sucessfully modified results - length - 102 - has_more - false {"timestamp":"2024-06-20T07:00:04.905Z"}
[32minfo[39m: Current Scheduler details length - 102} {"timestamp":"2024-06-20T07:00:04.905Z"}
[32minfo[39m: sucessfully queried database - length - 0 - has_more - false - cursor - null {"timestamp":"2024-06-20T07:00:08.074Z"}
[32minfo[39m: Current Location: Home {"timestamp":"2024-06-20T07:00:08.074Z"}
[32minfo[39m: querying database 3206c6d48bb04c2e803c211ca426668d with this {"filter":{"and":[{"property":"Start Date","date":{"on_or_before":"2024-06-20"}},{"property":"Location","multi_select":{"contains":"Home"}}]}} {"timestamp":"2024-06-20T07:00:08.074Z"}
[32minfo[39m: sucessfully queried database - length - 100 - has_more - true - cursor - 50f9e8c3-6628-4114-98aa-89d5507f67ed {"timestamp":"2024-06-20T07:00:12.489Z"}
[32minfo[39m: sucessfully modified results - length - 100 - has_more - true {"timestamp":"2024-06-20T07:00:12.491Z"}
[32minfo[39m: querying database 3206c6d48bb04c2e803c211ca426668d with this {"filter":{"and":[{"property":"Start Date","date":{"on_or_before":"2024-06-20"}},{"property":"Location","multi_select":{"contains":"Home"}}]},"start_cursor":"50f9e8c3-6628-4114-98aa-89d5507f67ed"} {"timestamp":"2024-06-20T07:00:12.492Z"}
[32minfo[39m: sucessfully queried database - length - 2 - has_more - false - cursor - null {"timestamp":"2024-06-20T07:00:13.404Z"}
[32minfo[39m: sucessfully modified results - length - 102 - has_more - false {"timestamp":"2024-06-20T07:00:13.404Z"}
[32minfo[39m: Current Scheduler details length - 102} {"timestamp":"2024-06-20T07:00:13.404Z"}
[32minfo[39m: querying database 737eabd7fcc34900ba4e408bd43570ce with this {"filter":{"and":[{"property":"End Time","date":{"is_empty":true}}]}} {"timestamp":"2024-06-20T07:30:00.114Z"}
[32minfo[39m: querying database 737eabd7fcc34900ba4e408bd43570ce with this {"filter":{"and":[{"property":"End Time","date":{"is_empty":true}}]}} {"timestamp":"2024-06-20T07:30:00.115Z"}
[32minfo[39m: sucessfully queried database - length - 0 - has_more - false - cursor - null {"timestamp":"2024-06-20T07:30:00.519Z"}
[32minfo[39m: Current Location: Home {"timestamp":"2024-06-20T07:30:00.519Z"}
[32minfo[39m: querying database 3206c6d48bb04c2e803c211ca426668d with this {"filter":{"and":[{"property":"Start Date","date":{"on_or_before":"2024-06-20"}},{"property":"Location","multi_select":{"contains":"Home"}}]}} {"timestamp":"2024-06-20T07:30:00.520Z"}
[32minfo[39m: sucessfully queried database - length - 0 - has_more - false - cursor - null {"timestamp":"2024-06-20T07:30:01.351Z"}
[32minfo[39m: Current Location: Home {"timestamp":"2024-06-20T07:30:01.351Z"}
[32minfo[39m: querying database 3206c6d48bb04c2e803c211ca426668d with this {"filter":{"and":[{"property":"Start Date","date":{"on_or_before":"2024-06-20"}},{"property":"Location","multi_select":{"contains":"Home"}}]}} {"timestamp":"2024-06-20T07:30:01.351Z"}
[32minfo[39m: sucessfully queried database - length - 100 - has_more - true - cursor - 50f9e8c3-6628-4114-98aa-89d5507f67ed {"timestamp":"2024-06-20T07:30:02.421Z"}
[32minfo[39m: sucessfully modified results - length - 100 - has_more - true {"timestamp":"2024-06-20T07:30:02.422Z"}
[32minfo[39m: querying database 3206c6d48bb04c2e803c211ca426668d with this {"filter":{"and":[{"property":"Start Date","date":{"on_or_before":"2024-06-20"}},{"property":"Location","multi_select":{"contains":"Home"}}]},"start_cursor":"50f9e8c3-6628-4114-98aa-89d5507f67ed"} {"timestamp":"2024-06-20T07:30:02.422Z"}
[32minfo[39m: sucessfully queried database - length - 2 - has_more - false - cursor - null {"timestamp":"2024-06-20T07:30:02.804Z"}
[32minfo[39m: sucessfully modified results - length - 102 - has_more - false {"timestamp":"2024-06-20T07:30:02.804Z"}
[32minfo[39m: Current Scheduler details length - 102} {"timestamp":"2024-06-20T07:30:02.804Z"}
[32minfo[39m: sucessfully queried database - length - 100 - has_more - true - cursor - 50f9e8c3-6628-4114-98aa-89d5507f67ed {"timestamp":"2024-06-20T07:30:06.149Z"}
[32minfo[39m: sucessfully modified results - length - 100 - has_more - true {"timestamp":"2024-06-20T07:30:06.150Z"}
[32minfo[39m: querying database 3206c6d48bb04c2e803c211ca426668d with this {"filter":{"and":[{"property":"Start Date","date":{"on_or_before":"2024-06-20"}},{"property":"Location","multi_select":{"contains":"Home"}}]},"start_cursor":"50f9e8c3-6628-4114-98aa-89d5507f67ed"} {"timestamp":"2024-06-20T07:30:06.150Z"}
[32minfo[39m: sucessfully queried database - length - 2 - has_more - false - cursor - null {"timestamp":"2024-06-20T07:30:07.376Z"}
[32minfo[39m: sucessfully modified results - length - 102 - has_more - false {"timestamp":"2024-06-20T07:30:07.376Z"}
[32minfo[39m: Current Scheduler details length - 102} {"timestamp":"2024-06-20T07:30:07.376Z"}
[32minfo[39m: querying database 737eabd7fcc34900ba4e408bd43570ce with this {"filter":{"and":[{"property":"End Time","date":{"is_empty":true}}]}} {"timestamp":"2024-06-20T08:00:00.706Z"}
[32minfo[39m: querying database 737eabd7fcc34900ba4e408bd43570ce with this {"filter":{"and":[{"property":"End Time","date":{"is_empty":true}}]}} {"timestamp":"2024-06-20T08:00:00.708Z"}
[32minfo[39m: sucessfully queried database - length - 0 - has_more - false - cursor - null {"timestamp":"2024-06-20T08:00:01.498Z"}
[32minfo[39m: Current Location: Home {"timestamp":"2024-06-20T08:00:01.498Z"}
[32minfo[39m: querying database 3206c6d48bb04c2e803c211ca426668d with this {"filter":{"and":[{"property":"Start Date","date":{"on_or_before":"2024-06-20"}},{"property":"Location","multi_select":{"contains":"Home"}}]}} {"timestamp":"2024-06-20T08:00:01.498Z"}
[32minfo[39m: sucessfully queried database - length - 0 - has_more - false - cursor - null {"timestamp":"2024-06-20T08:00:01.602Z"}
[32minfo[39m: Current Location: Home {"timestamp":"2024-06-20T08:00:01.602Z"}
[32minfo[39m: querying database 3206c6d48bb04c2e803c211ca426668d with this {"filter":{"and":[{"property":"Start Date","date":{"on_or_before":"2024-06-20"}},{"property":"Location","multi_select":{"contains":"Home"}}]}} {"timestamp":"2024-06-20T08:00:01.602Z"}
[32minfo[39m: sucessfully queried database - length - 100 - has_more - true - cursor - 50f9e8c3-6628-4114-98aa-89d5507f67ed {"timestamp":"2024-06-20T08:00:03.760Z"}
[32minfo[39m: sucessfully modified results - length - 100 - has_more - true {"timestamp":"2024-06-20T08:00:03.761Z"}
[32minfo[39m: querying database 3206c6d48bb04c2e803c211ca426668d with this {"filter":{"and":[{"property":"Start Date","date":{"on_or_before":"2024-06-20"}},{"property":"Location","multi_select":{"contains":"Home"}}]},"start_cursor":"50f9e8c3-6628-4114-98aa-89d5507f67ed"} {"timestamp":"2024-06-20T08:00:03.761Z"}
[32minfo[39m: sucessfully queried database - length - 2 - has_more - false - cursor - null {"timestamp":"2024-06-20T08:00:04.894Z"}
[32minfo[39m: sucessfully modified results - length - 102 - has_more - false {"timestamp":"2024-06-20T08:00:04.894Z"}
[32minfo[39m: Current Scheduler details length - 102} {"timestamp":"2024-06-20T08:00:04.894Z"}
[32minfo[39m: sucessfully queried database - length - 100 - has_more - true - cursor - 50f9e8c3-6628-4114-98aa-89d5507f67ed {"timestamp":"2024-06-20T08:00:10.480Z"}
[32minfo[39m: sucessfully modified results - length - 100 - has_more - true {"timestamp":"2024-06-20T08:00:10.481Z"}
[32minfo[39m: querying database 3206c6d48bb04c2e803c211ca426668d with this {"filter":{"and":[{"property":"Start Date","date":{"on_or_before":"2024-06-20"}},{"property":"Location","multi_select":{"contains":"Home"}}]},"start_cursor":"50f9e8c3-6628-4114-98aa-89d5507f67ed"} {"timestamp":"2024-06-20T08:00:10.481Z"}
[32minfo[39m: sucessfully queried database - length - 2 - has_more - false - cursor - null {"timestamp":"2024-06-20T08:00:13.551Z"}
[32minfo[39m: sucessfully modified results - length - 102 - has_more - false {"timestamp":"2024-06-20T08:00:13.551Z"}
[32minfo[39m: Current Scheduler details length - 102} {"timestamp":"2024-06-20T08:00:13.551Z"}
[32minfo[39m: querying database 737eabd7fcc34900ba4e408bd43570ce with this {"filter":{"and":[{"property":"End Time","date":{"is_empty":true}}]}} {"timestamp":"2024-06-20T08:30:00.320Z"}
[32minfo[39m: querying database 737eabd7fcc34900ba4e408bd43570ce with this {"filter":{"and":[{"property":"End Time","date":{"is_empty":true}}]}} {"timestamp":"2024-06-20T08:30:00.323Z"}
[32minfo[39m: sucessfully queried database - length - 0 - has_more - false - cursor - null {"timestamp":"2024-06-20T08:30:00.699Z"}
[32minfo[39m: Current Location: Home {"timestamp":"2024-06-20T08:30:00.699Z"}
[32minfo[39m: querying database 3206c6d48bb04c2e803c211ca426668d with this {"filter":{"and":[{"property":"Start Date","date":{"on_or_before":"2024-06-20"}},{"property":"Location","multi_select":{"contains":"Home"}}]}} {"timestamp":"2024-06-20T08:30:00.700Z"}
[32minfo[39m: sucessfully queried database - length - 0 - has_more - false - cursor - null {"timestamp":"2024-06-20T08:30:01.119Z"}
[32minfo[39m: Current Location: Home {"timestamp":"2024-06-20T08:30:01.119Z"}
[32minfo[39m: querying database 3206c6d48bb04c2e803c211ca426668d with this {"filter":{"and":[{"property":"Start Date","date":{"on_or_before":"2024-06-20"}},{"property":"Location","multi_select":{"contains":"Home"}}]}} {"timestamp":"2024-06-20T08:30:01.120Z"}
[32minfo[39m: sucessfully queried database - length - 100 - has_more - true - cursor - 50f9e8c3-6628-4114-98aa-89d5507f67ed {"timestamp":"2024-06-20T08:30:03.292Z"}
[32minfo[39m: sucessfully modified results - length - 100 - has_more - true {"timestamp":"2024-06-20T08:30:03.294Z"}
[32minfo[39m: querying database 3206c6d48bb04c2e803c211ca426668d with this {"filter":{"and":[{"property":"Start Date","date":{"on_or_before":"2024-06-20"}},{"property":"Location","multi_select":{"contains":"Home"}}]},"start_cursor":"50f9e8c3-6628-4114-98aa-89d5507f67ed"} {"timestamp":"2024-06-20T08:30:03.294Z"}
[32minfo[39m: sucessfully queried database - length - 2 - has_more - false - cursor - null {"timestamp":"2024-06-20T08:30:04.025Z"}
[32minfo[39m: sucessfully modified results - length - 102 - has_more - false {"timestamp":"2024-06-20T08:30:04.025Z"}
[32minfo[39m: Current Scheduler details length - 102} {"timestamp":"2024-06-20T08:30:04.026Z"}
[32minfo[39m: sucessfully queried database - length - 100 - has_more - true - cursor - 50f9e8c3-6628-4114-98aa-89d5507f67ed {"timestamp":"2024-06-20T08:30:04.539Z"}
[32minfo[39m: sucessfully modified results - length - 100 - has_more - true {"timestamp":"2024-06-20T08:30:04.540Z"}
[32minfo[39m: querying database 3206c6d48bb04c2e803c211ca426668d with this {"filter":{"and":[{"property":"Start Date","date":{"on_or_before":"2024-06-20"}},{"property":"Location","multi_select":{"contains":"Home"}}]},"start_cursor":"50f9e8c3-6628-4114-98aa-89d5507f67ed"} {"timestamp":"2024-06-20T08:30:04.540Z"}
[32minfo[39m: sucessfully queried database - length - 2 - has_more - false - cursor - null {"timestamp":"2024-06-20T08:30:05.150Z"}
[32minfo[39m: sucessfully modified results - length - 102 - has_more - false {"timestamp":"2024-06-20T08:30:05.150Z"}
[32minfo[39m: Current Scheduler details length - 102} {"timestamp":"2024-06-20T08:30:05.150Z"}
[32minfo[39m: querying database 737eabd7fcc34900ba4e408bd43570ce with this {"filter":{"and":[{"property":"End Time","date":{"is_empty":true}}]}} {"timestamp":"2024-06-20T09:00:00.922Z"}
[32minfo[39m: querying database 737eabd7fcc34900ba4e408bd43570ce with this {"filter":{"and":[{"property":"End Time","date":{"is_empty":true}}]}} {"timestamp":"2024-06-20T09:00:00.925Z"}
[32minfo[39m: sucessfully queried database - length - 0 - has_more - false - cursor - null {"timestamp":"2024-06-20T09:00:01.605Z"}
[32minfo[39m: Current Location: Home {"timestamp":"2024-06-20T09:00:01.605Z"}
[32minfo[39m: querying database 3206c6d48bb04c2e803c211ca426668d with this {"filter":{"and":[{"property":"Start Date","date":{"on_or_before":"2024-06-20"}},{"property":"Location","multi_select":{"contains":"Home"}}]}} {"timestamp":"2024-06-20T09:00:01.605Z"}
[32minfo[39m: sucessfully queried database - length - 0 - has_more - false - cursor - null {"timestamp":"2024-06-20T09:00:02.154Z"}
[32minfo[39m: Current Location: Home {"timestamp":"2024-06-20T09:00:02.154Z"}
[32minfo[39m: querying database 3206c6d48bb04c2e803c211ca426668d with this {"filter":{"and":[{"property":"Start Date","date":{"on_or_before":"2024-06-20"}},{"property":"Location","multi_select":{"contains":"Home"}}]}} {"timestamp":"2024-06-20T09:00:02.154Z"}
[32minfo[39m: sucessfully queried database - length - 100 - has_more - true - cursor - 50f9e8c3-6628-4114-98aa-89d5507f67ed {"timestamp":"2024-06-20T09:00:04.679Z"}
[32minfo[39m: sucessfully modified results - length - 100 - has_more - true {"timestamp":"2024-06-20T09:00:04.680Z"}
[32minfo[39m: querying database 3206c6d48bb04c2e803c211ca426668d with this {"filter":{"and":[{"property":"Start Date","date":{"on_or_before":"2024-06-20"}},{"property":"Location","multi_select":{"contains":"Home"}}]},"start_cursor":"50f9e8c3-6628-4114-98aa-89d5507f67ed"} {"timestamp":"2024-06-20T09:00:04.681Z"}
[32minfo[39m: sucessfully queried database - length - 100 - has_more - true - cursor - 50f9e8c3-6628-4114-98aa-89d5507f67ed {"timestamp":"2024-06-20T09:00:04.846Z"}
[32minfo[39m: sucessfully modified results - length - 100 - has_more - true {"timestamp":"2024-06-20T09:00:04.850Z"}
[32minfo[39m: querying database 3206c6d48bb04c2e803c211ca426668d with this {"filter":{"and":[{"property":"Start Date","date":{"on_or_before":"2024-06-20"}},{"property":"Location","multi_select":{"contains":"Home"}}]},"start_cursor":"50f9e8c3-6628-4114-98aa-89d5507f67ed"} {"timestamp":"2024-06-20T09:00:04.850Z"}
[32minfo[39m: sucessfully queried database - length - 2 - has_more - false - cursor - null {"timestamp":"2024-06-20T09:00:05.383Z"}
[32minfo[39m: sucessfully modified results - length - 102 - has_more - false {"timestamp":"2024-06-20T09:00:05.383Z"}
[32minfo[39m: Current Scheduler details length - 102} {"timestamp":"2024-06-20T09:00:05.383Z"}
[32minfo[39m: sucessfully queried database - length - 2 - has_more - false - cursor - null {"timestamp":"2024-06-20T09:00:08.183Z"}
[32minfo[39m: sucessfully modified results - length - 102 - has_more - false {"timestamp":"2024-06-20T09:00:08.184Z"}
[32minfo[39m: Current Scheduler details length - 102} {"timestamp":"2024-06-20T09:00:08.184Z"}
[32minfo[39m: Jun-23-2024 21:30:00: 	querying database 737eabd7fcc34900ba4e408bd43570ce with this {"filter":{"and":[{"property":"End Time","date":{"is_empty":true}}]}}
[32minfo[39m: Jun-23-2024 21:30:00: 	querying database 737eabd7fcc34900ba4e408bd43570ce with this {"filter":{"and":[{"property":"End Time","date":{"is_empty":true}}]}}
[32minfo[39m: Jun-23-2024 21:30:00: 	sucessfully queried database - length - 0 - has_more - false - cursor - null
[32minfo[39m: Jun-23-2024 21:30:00: 	Current Location: Home
[32minfo[39m: Jun-23-2024 21:30:01: 	querying database 3206c6d48bb04c2e803c211ca426668d with this {"filter":{"and":[{"property":"Start Date","date":{"on_or_before":"2024-06-23"}},{"property":"Location","multi_select":{"contains":"Home"}}]}}
[32minfo[39m: Jun-23-2024 21:30:02: 	sucessfully queried database - length - 0 - has_more - false - cursor - null
[32minfo[39m: Jun-23-2024 21:30:02: 	Current Location: Home
[32minfo[39m: Jun-23-2024 21:30:02: 	querying database 3206c6d48bb04c2e803c211ca426668d with this {"filter":{"and":[{"property":"Start Date","date":{"on_or_before":"2024-06-23"}},{"property":"Location","multi_select":{"contains":"Home"}}]}}
[32minfo[39m: Jun-23-2024 21:30:04: 	sucessfully queried database - length - 100 - has_more - true - cursor - 50f9e8c3-6628-4114-98aa-89d5507f67ed
[32minfo[39m: Jun-23-2024 21:30:04: 	sucessfully modified results - length - 100 - has_more - true
[32minfo[39m: Jun-23-2024 21:30:04: 	querying database 3206c6d48bb04c2e803c211ca426668d with this {"filter":{"and":[{"property":"Start Date","date":{"on_or_before":"2024-06-23"}},{"property":"Location","multi_select":{"contains":"Home"}}]},"start_cursor":"50f9e8c3-6628-4114-98aa-89d5507f67ed"}
[32minfo[39m: Jun-23-2024 21:30:04: 	sucessfully queried database - length - 100 - has_more - true - cursor - 50f9e8c3-6628-4114-98aa-89d5507f67ed
[32minfo[39m: Jun-23-2024 21:30:04: 	sucessfully modified results - length - 100 - has_more - true
[32minfo[39m: Jun-23-2024 21:30:04: 	querying database 3206c6d48bb04c2e803c211ca426668d with this {"filter":{"and":[{"property":"Start Date","date":{"on_or_before":"2024-06-23"}},{"property":"Location","multi_select":{"contains":"Home"}}]},"start_cursor":"50f9e8c3-6628-4114-98aa-89d5507f67ed"}
[32minfo[39m: Jun-23-2024 21:30:05: 	sucessfully queried database - length - 2 - has_more - false - cursor - null
[32minfo[39m: Jun-23-2024 21:30:05: 	sucessfully modified results - length - 102 - has_more - false
[32minfo[39m: Jun-23-2024 21:30:05: 	Current Scheduler details length - 102}
[32minfo[39m: Jun-23-2024 21:30:05: 	sucessfully queried database - length - 2 - has_more - false - cursor - null
[32minfo[39m: Jun-23-2024 21:30:05: 	sucessfully modified results - length - 102 - has_more - false
[32minfo[39m: Jun-23-2024 21:30:05: 	Current Scheduler details length - 102}
